<?xml version="1.0" encoding="UTF-8"?>
<!-- Generated by org.testng.reporters.JUnitXMLReporter -->
<testsuite ignored="0" hostname="DESKTOP-NHO9V4D" failures="1" tests="1" name="Home" time="10.432" errors="0" timestamp="2021-12-30T17:28:25 CST">
  <testcase classname="tests.HomePageTitleTest" name="validatingHomePageTitle" time="0.5">
    <failure type="java.lang.AssertionError" message="expected [123Featured588Courses] but found [Featured Courses]">
      <![CDATA[java.lang.AssertionError: expected [123Featured588Courses] but found [Featured Courses]
at tests.HomePageTitleTest.validatingHomePageTitle(HomePageTitleTest.java:37)
at java.base/java.util.ArrayList.forEach(ArrayList.java:1511)
at java.base/java.util.concurrent.FutureTask.run(FutureTask.java:264)
at java.base/java.util.concurrent.ThreadPoolExecutor.runWorker(ThreadPoolExecutor.java:1130)
at java.base/java.util.concurrent.ThreadPoolExecutor$Worker.run(ThreadPoolExecutor.java:630)
at java.base/java.lang.Thread.run(Thread.java:831)
... Removed 24 stack frames]]>
    </failure>
  </testcase> <!-- validatingHomePageTitle -->
</testsuite> <!-- Home -->
