<?xml version="1.0" encoding="UTF-8"?>
<!-- Generated by org.testng.reporters.JUnitXMLReporter -->
<testsuite ignored="0" hostname="DESKTOP-NHO9V4D" failures="0" tests="4" name="Test" time="29.912" errors="0" timestamp="2021-12-28T20:01:56 CST">
  <testcase classname="tests.LoginPageTest" name="homePage" time="9.423"/>
  <testcase classname="tests.LoginPageTest" name="homePage" time="7.936"/>
  <testcase classname="tests.HomePageTitleTest" name="validatingHomePageTitle" time="0.053"/>
  <testcase classname="tests.ValidateNavBarTest" name="validateNavigation" time="0.086"/>
</testsuite> <!-- Test -->
