<?xml version="1.0" encoding="UTF-8"?>
<testng-results ignored="0" total="2" passed="2" failed="0" skipped="0">
  <reporter-output>
  </reporter-output>
  <suite started-at="2021-09-29T05:12:27Z" name="inetBankingV1" finished-at="2021-09-29T05:13:02Z" duration-ms="35347">
    <groups>
    </groups>
    <test started-at="2021-09-29T05:12:27Z" name="BankingApp Test" finished-at="2021-09-29T05:13:02Z" duration-ms="35347">
      <class name="com.inetbanking.testcases.TC_LoginTest_001">
        <test-method is-config="true" signature="initialize(java.lang.String)[pri:0, instance:com.inetbanking.testcases.TC_LoginTest_001@3c77d488]" started-at="2021-09-29T05:12:27Z" name="initialize" finished-at="2021-09-29T05:12:34Z" duration-ms="7348" status="PASS">
          <params>
            <param index="0">
              <value>
                <![CDATA[chrome]]>
              </value>
            </param>
          </params>
          <reporter-output>
          </reporter-output>
        </test-method> <!-- initialize -->
        <test-method signature="loginTest()[pri:0, instance:com.inetbanking.testcases.TC_LoginTest_001@3c77d488]" started-at="2021-09-29T05:12:34Z" name="loginTest" finished-at="2021-09-29T05:12:35Z" duration-ms="651" status="PASS">
          <reporter-output>
          </reporter-output>
        </test-method> <!-- loginTest -->
        <test-method is-config="true" signature="Close()[pri:0, instance:com.inetbanking.testcases.TC_LoginTest_001@3c77d488]" started-at="2021-09-29T05:12:35Z" name="Close" finished-at="2021-09-29T05:12:36Z" duration-ms="682" status="PASS">
          <reporter-output>
          </reporter-output>
        </test-method> <!-- Close -->
      </class> <!-- com.inetbanking.testcases.TC_LoginTest_001 -->
      <class name="com.inetbanking.testcases.TC_AddCustomerTest_003">
        <test-method is-config="true" signature="initialize(java.lang.String)[pri:0, instance:com.inetbanking.testcases.TC_AddCustomerTest_003@63376bed]" started-at="2021-09-29T05:12:36Z" name="initialize" finished-at="2021-09-29T05:12:41Z" duration-ms="5202" status="PASS">
          <params>
            <param index="0">
              <value>
                <![CDATA[chrome]]>
              </value>
            </param>
          </params>
          <reporter-output>
          </reporter-output>
        </test-method> <!-- initialize -->
        <test-method signature="addNewCustomer()[pri:0, instance:com.inetbanking.testcases.TC_AddCustomerTest_003@63376bed]" started-at="2021-09-29T05:12:41Z" name="addNewCustomer" finished-at="2021-09-29T05:13:01Z" duration-ms="20574" status="PASS">
          <reporter-output>
          </reporter-output>
        </test-method> <!-- addNewCustomer -->
        <test-method is-config="true" signature="Close()[pri:0, instance:com.inetbanking.testcases.TC_AddCustomerTest_003@63376bed]" started-at="2021-09-29T05:13:01Z" name="Close" finished-at="2021-09-29T05:13:02Z" duration-ms="667" status="PASS">
          <reporter-output>
          </reporter-output>
        </test-method> <!-- Close -->
      </class> <!-- com.inetbanking.testcases.TC_AddCustomerTest_003 -->
    </test> <!-- BankingApp Test -->
  </suite> <!-- inetBankingV1 -->
</testng-results>
