<?xml version="1.0" encoding="UTF-8"?>
<testng-results ignored="0" total="1" passed="1" failed="0" skipped="0">
  <reporter-output>
  </reporter-output>
  <suite started-at="2022-01-02T00:00:27 CST" name="Default suite" finished-at="2022-01-02T00:00:32 CST" duration-ms="5438">
    <groups>
    </groups>
    <test started-at="2022-01-02T00:00:27 CST" name="Default test" finished-at="2022-01-02T00:00:32 CST" duration-ms="5438">
      <class name="tests.MainPageTest">
        <test-method is-config="true" signature="initialize()[pri:0, instance:tests.MainPageTest@2b91004a]" started-at="2022-01-02T00:00:27 CST" name="initialize" finished-at="2022-01-02T00:00:31 CST" duration-ms="4065" status="PASS">
          <reporter-output>
          </reporter-output>
        </test-method> <!-- initialize -->
        <test-method signature="addToCart()[pri:0, instance:tests.MainPageTest@2b91004a]" started-at="2022-01-02T00:00:31 CST" name="addToCart" finished-at="2022-01-02T00:00:32 CST" duration-ms="1327" status="PASS">
          <reporter-output>
          </reporter-output>
        </test-method> <!-- addToCart -->
      </class> <!-- tests.MainPageTest -->
    </test> <!-- Default test -->
  </suite> <!-- Default suite -->
</testng-results>
