<?xml version="1.0" encoding="UTF-8"?>
<testsuite xmlns:xsi="http://www.w3.org/2001/XMLSchema-instance" xsi:noNamespaceSchemaLocation="https://maven.apache.org/surefire/maven-surefire-plugin/xsd/surefire-test-report-3.0.xsd" version="3.0" name="TestSuite" time="21.014" tests="4" errors="0" skipped="0" failures="1">
  <properties>
[...]
</properties>
  <testcase name="validateNavigation" classname="tests.ValidateNavBarTest" time="0.481">
    <system-out><![CDATA[true
]]></system-out>
    <system-err><![CDATA[log4j:ERROR Could not find value for key log4j.appender.DEBUG
log4j:ERROR Could not instantiate appender named "DEBUG".
log4j:ERROR Could not find value for key log4j.appender.ERROR
log4j:ERROR Could not instantiate appender named "ERROR".
SLF4J: Failed to load class "org.slf4j.impl.StaticLoggerBinder".
SLF4J: Defaulting to no-operation (NOP) logger implementation
SLF4J: See http://www.slf4j.org/codes.html#StaticLoggerBinder for further details.
Starting ChromeDriver 95.0.4638.17 (a9dS07t1a9rting ChromeD4ri4v4edr4 b9053.50e.24846e3d81fce73bf6cc.d789df21-7r (ea9fds/branch-heads0/463781@9{#178}) on port 55764
Only loca4l connection4s are allowed.
Please see https://chromedriver.chromium.org/security-considerati4odn4sb for suggestions on keeping ChromeDriver safe.
035e284ed1fce73bf6ccd789df2-refs/branch-heads/4638@{#178}) on port 57810
Only local connections are allowed.
Please see https://chromedriver.chromium.org/security-considerations for suggestions on keeping ChromeDriver safe.
Starting ChromeDriver 95.0.4638.17 (a9d0719444d4b035e284ed1fce73bf6ccd789df2-refs/branch-heads/4638@{#178}) on port 64471
Only local connections are allowed.
Please see https://chromedriver.chromium.org/security-considerations for suggestions on keeping ChromeDriver safe.
ChromeDriver wCas hsromteaDrritveedr  swuacsc setsasrftueldl y.su
ccessfully.
ChromeDriver was started successfully.
[1640907207.053][WARNING]: This version of ChromeDriver has not been tested with Chrome version 96.
[1640907207.166][WARNING]: This version of ChromeDriver has not been tested with Chrome version 96.
[1640907207.455][WARNING]: This version of ChromeDriver has not been tested with Chrome version 96.
Dec 30, 2021 5:33:27 PM org.openqa.selenium.remote.ProtocolHandshake createSession
INFO: Detected dialect: W3C
Dec 30, 2021 5:33:27 PM org.openqa.selenium.remote.ProtocolHandshake createSession
INFO: Detected dialect: W3C
Dec 30, 2021 5:33:27 PM org.openqa.selenium.remote.ProtocolHandshake createSession
INFO: Detected dialect: W3C
Dec 30, 2021 5:33:27 PM org.openqa.selenium.devtools.CdpVersionFinder findNearestMatch
INFO: Found exact CDP implementation for version 96
Dec 30, 2021 5:33:27 PM org.openqa.selenium.devtools.CdpVersionFinder findNearestMatch
INFO: Found exact CDP implementation for version 96
Dec 30, 2021 5:33:27 PM org.openqa.selenium.devtools.CdpVersionFinder findNearestMatch
INFO: Found exact CDP implementation for version 96
]]></system-err>
  </testcase>
  <testcase name="validatingHomePageTitle" classname="tests.HomePageTitleTest" time="0.868">
    <failure message="expected [123Featured588Courses] but found [Featured Courses]" type="java.lang.AssertionError"><![CDATA[java.lang.AssertionError: expected [123Featured588Courses] but found [Featured Courses]
	at tests.HomePageTitleTest.validatingHomePageTitle(HomePageTitleTest.java:37)
]]></failure>
  </testcase>
  <testcase name="homePage[retricted data, abc@123](1)" classname="tests.LoginPageTest" time="2.752"/>
  <testcase name="homePage[nvh@123, null](2)" classname="tests.LoginPageTest" time="8.629">
    <system-err><![CDATA[Starting ChromeDriver 95.0.4638.17 (a9d0719444d4b035e284ed1fce73bf6ccd789df2-refs/branch-heads/4638@{#178}) on port 59315
Only local connections are allowed.
Please see https://chromedriver.chromium.org/security-considerations for suggestions on keeping ChromeDriver safe.
ChromeDriver was started successfully.
[1640907216.245][WARNING]: This version of ChromeDriver has not been tested with Chrome version 96.
Dec 30, 2021 5:33:36 PM org.openqa.selenium.remote.ProtocolHandshake createSession
INFO: Detected dialect: W3C
Dec 30, 2021 5:33:36 PM org.openqa.selenium.devtools.CdpVersionFinder findNearestMatch
INFO: Found exact CDP implementation for version 96
]]></system-err>
  </testcase>
</testsuite>