<?xml version="1.0" encoding="UTF-8"?>
<!-- Generated by org.testng.reporters.JUnitXMLReporter -->
<testsuite ignored="0" hostname="DESKTOP-67GQROK" failures="0" tests="2" name="BankingApp Test" time="35.347" errors="0" timestamp="29 Sep 2021 05:13:02 GMT">
  <testcase classname="com.inetbanking.testcases.TC_LoginTest_001" name="loginTest" time="0.651"/>
  <testcase classname="com.inetbanking.testcases.TC_AddCustomerTest_003" name="addNewCustomer" time="20.574"/>
</testsuite> <!-- BankingApp Test -->
