<?xml version="1.0" encoding="UTF-8"?>
<!-- Generated by org.testng.reporters.JUnitXMLReporter -->
<testsuite ignored="0" hostname="DESKTOP-NHO9V4D" failures="0" tests="4" name="Test" time="31.821" errors="0" timestamp="2021-12-28T20:28:12 CST">
  <testcase classname="tests.LoginPageTest" name="homePage" time="8.151"/>
  <testcase classname="tests.LoginPageTest" name="homePage" time="7.809"/>
  <testcase classname="tests.HomePageTitleTest" name="validatingHomePageTitle" time="0.061"/>
  <testcase classname="tests.ValidateNavBarTest" name="validateNavigation" time="0.099"/>
</testsuite> <!-- Test -->
